0 info it worked if it ends with ok
1 verbose cli [ '/usr/bin/node', '/usr/bin/npm', 'install', 'node-burbon' ]
2 info using npm@1.4.28
3 info using node@v0.10.37
4 verbose node symlink /usr/bin/node
5 warn package.json rodsan@0.0.2 No repository field.
6 verbose readDependencies using package.json deps
7 verbose cache add [ 'node-burbon', null ]
8 verbose cache add name=undefined spec="node-burbon" args=["node-burbon",null]
9 verbose parsed url { protocol: null,
9 verbose parsed url   slashes: null,
9 verbose parsed url   auth: null,
9 verbose parsed url   host: null,
9 verbose parsed url   port: null,
9 verbose parsed url   hostname: null,
9 verbose parsed url   hash: null,
9 verbose parsed url   search: null,
9 verbose parsed url   query: null,
9 verbose parsed url   pathname: 'node-burbon',
9 verbose parsed url   path: 'node-burbon',
9 verbose parsed url   href: 'node-burbon' }
10 silly lockFile 53475da1-node-burbon node-burbon
11 verbose lock node-burbon /root/.npm/53475da1-node-burbon.lock
12 silly lockFile 53475da1-node-burbon node-burbon
13 silly lockFile 53475da1-node-burbon node-burbon
14 verbose addNamed [ 'node-burbon', '' ]
15 verbose addNamed [ null, '*' ]
16 silly lockFile 4a4eb8f1-node-burbon node-burbon@
17 verbose lock node-burbon@ /root/.npm/4a4eb8f1-node-burbon.lock
18 silly addNameRange { name: 'node-burbon', range: '*', hasData: false }
19 verbose request where is /node-burbon
20 verbose request registry https://registry.npmjs.org/
21 verbose request id 112a9c5b81551594
22 verbose url raw /node-burbon
23 verbose url resolving [ 'https://registry.npmjs.org/', './node-burbon' ]
24 verbose url resolved https://registry.npmjs.org/node-burbon
25 verbose request where is https://registry.npmjs.org/node-burbon
26 info trying registry request attempt 1 at 10:07:11
27 http GET https://registry.npmjs.org/node-burbon
28 http 404 https://registry.npmjs.org/node-burbon
29 silly registry.get cb [ 404,
29 silly registry.get   { 'content-type': 'application/json',
29 silly registry.get     'cache-control': 'max-age=0',
29 silly registry.get     'content-length': '2',
29 silly registry.get     'accept-ranges': 'bytes',
29 silly registry.get     date: 'Tue, 20 Oct 2015 16:11:08 GMT',
29 silly registry.get     via: '1.1 varnish',
29 silly registry.get     age: '0',
29 silly registry.get     connection: 'keep-alive',
29 silly registry.get     'x-served-by': 'cache-atl6232-ATL',
29 silly registry.get     'x-cache': 'MISS',
29 silly registry.get     'x-cache-hits': '0',
29 silly registry.get     'x-timer': 'S1445357467.985189,VS0,VE89' } ]
30 silly lockFile 4a4eb8f1-node-burbon node-burbon@
31 silly lockFile 4a4eb8f1-node-burbon node-burbon@
32 error 404 Not Found
32 error 404
32 error 404 'node-burbon' is not in the npm registry.
32 error 404 You should bug the author to publish it
32 error 404 It was specified as a dependency of 'rodsan'
32 error 404
32 error 404 Maybe try 'npm search burbon'
32 error 404
32 error 404 Note that you can also install from a
32 error 404 tarball, folder, or http url, or git url.
33 error System Linux 3.19.0-25-generic
34 error command "/usr/bin/node" "/usr/bin/npm" "install" "node-burbon"
35 error cwd /var/www/html/rodsan/sites/all/themes/rodsan
36 error node -v v0.10.37
37 error npm -v 1.4.28
38 error code E404
39 verbose exit [ 1, true ]
